-------------------------------------------------------------------------------
Test set: PhoneBookTest
-------------------------------------------------------------------------------
Tests run: 13, Failures: 1, Errors: 0, Skipped: 0, Time elapsed: 0.145 s <<< FAILURE! - in PhoneBookTest
PhoneBookTest.printAllNamesTest  Time elapsed: 0.009 s  <<< FAILURE!
org.opentest4j.AssertionFailedError: 
expected: <Kolya
Mag
Nika
Petr
Sasha
Vasya
> but was: <>
	at PhoneBookTest.printAllNamesTest(PhoneBookTest.java:93)

