<?xml version="1.0" encoding="UTF-8"?>
<testsuite xmlns:xsi="http://www.w3.org/2001/XMLSchema-instance" xsi:noNamespaceSchemaLocation="https://maven.apache.org/surefire/maven-surefire-plugin/xsd/surefire-test-report-3.0.xsd" version="3.0" name="PhoneBookTest" time="0.125" tests="13" errors="0" skipped="0" failures="0">
  <properties>
[...]
</properties>
  <testcase name="findByNumberTest(String, String)[1]" classname="PhoneBookTest" time="0.035">
    <system-out><![CDATA[tests started
test started
]]></system-out>
  </testcase>
  <testcase name="findByNumberTest(String, String)[2]" classname="PhoneBookTest" time="0.002"/>
  <testcase name="findByNumberTest(String, String)[3]" classname="PhoneBookTest" time="0.002"/>
  <testcase name="findByNumberTest(String, String)[4]" classname="PhoneBookTest" time="0.001"/>
  <testcase name="addTest(String, String, int)[1]" classname="PhoneBookTest" time="0.001"/>
  <testcase name="addTest(String, String, int)[2]" classname="PhoneBookTest" time="0.002"/>
  <testcase name="addTest(String, String, int)[3]" classname="PhoneBookTest" time="0.001"/>
  <testcase name="addTest(String, String, int)[4]" classname="PhoneBookTest" time="0.001"/>
  <testcase name="findByNameTest(String, String)[1]" classname="PhoneBookTest" time="0.001"/>
  <testcase name="findByNameTest(String, String)[2]" classname="PhoneBookTest" time="0.001"/>
  <testcase name="findByNameTest(String, String)[3]" classname="PhoneBookTest" time="0"/>
  <testcase name="findByNameTest(String, String)[4]" classname="PhoneBookTest" time="0.001"/>
  <testcase name="printAllNamesTest" classname="PhoneBookTest" time="0.006"/>
</testsuite>